DriveU/app/build/intermediates/manifest_merge_blame_file/debug/manifest-merger-blame-debug-report.txt
1<?xml version="1.0" encoding="utf-8"?>
2<manifest xmlns:android="http://schemas.android.com/apk/res/android"
3    xmlns:dist="http://schemas.android.com/apk/distribution"
4    package="com.world4tech.driveu"
5    android:versionCode="1"
6    android:versionName="1.0" >
7
8    <uses-sdk
9        android:minSdkVersion="23"
9-->src\main\AndroidManifest.xml
10        android:targetSdkVersion="32" />
10-->src\main\AndroidManifest.xml
11
12    <uses-permission android:name="android.permission.ACCESS_COARSE_LOCATION" />
12-->src\main\AndroidManifest.xml:7:5-81
12-->src\main\AndroidManifest.xml:7:22-78
13    <uses-permission android:name="android.permission.ACCESS_FINE_LOCATION" />
13-->src\main\AndroidManifest.xml:8:5-79
13-->src\main\AndroidManifest.xml:8:22-76
14    <uses-permission android:name="android.permission.INTERNET" />
14-->src\main\AndroidManifest.xml:9:5-67
14-->src\main\AndroidManifest.xml:9:22-64
15    <uses-permission android:name="android.permission.READ_EXTERNAL_STORAGE" />
15-->src\main\AndroidManifest.xml:10:5-80
15-->src\main\AndroidManifest.xml:10:22-77
16    <uses-permission android:name="android.permission.SEND_SMS" />
16-->src\main\AndroidManifest.xml:11:5-67
16-->src\main\AndroidManifest.xml:11:22-64
17    <uses-permission android:name="android.permission.READ_PHONE_STATE" />
17-->src\main\AndroidManifest.xml:12:5-75
17-->src\main\AndroidManifest.xml:12:22-72
18    <uses-permission android:name="android.permission.CALL_PHONE" />
18-->src\main\AndroidManifest.xml:13:5-69
18-->src\main\AndroidManifest.xml:13:22-66
19
20    <dist:module dist:instant="true" />
20-->src\main\AndroidManifest.xml:15:5-40
20-->src\main\AndroidManifest.xml:15:18-37
21
22    <uses-permission android:name="android.permission.ACCESS_NETWORK_STATE" />
22-->[org.imaginativeworld.oopsnointernet:oopsnointernet:2.0.0] AndroidManifest.xml:12:5-79
22-->[org.imaginativeworld.oopsnointernet:oopsnointernet:2.0.0] AndroidManifest.xml:12:22-76
23    <uses-permission android:name="android.permission.ACCESS_WIFI_STATE" />
23-->[com.google.android.libraries.places:places:2.6.0] AndroidManifest.xml:10:5-76
23-->[com.google.android.libraries.places:places:2.6.0] AndroidManifest.xml:10:22-73
24
25    <uses-feature
25-->[com.google.android.gms:play-services-maps:18.1.0] AndroidManifest.xml:26:5-28:35
26        android:glEsVersion="0x00020000"
26-->[com.google.android.gms:play-services-maps:18.1.0] AndroidManifest.xml:27:9-41
27        android:required="true" />
27-->[com.google.android.gms:play-services-maps:18.1.0] AndroidManifest.xml:28:9-32
28
29    <queries>
29-->[com.google.android.gms:play-services-maps:18.1.0] AndroidManifest.xml:30:5-34:15
30
31        <!-- Needs to be explicitly declared on Android R+ -->
32        <package android:name="com.google.android.apps.maps" />
32-->[com.google.android.gms:play-services-maps:18.1.0] AndroidManifest.xml:33:9-64
32-->[com.google.android.gms:play-services-maps:18.1.0] AndroidManifest.xml:33:18-61
33    </queries>
34
35    <application
35-->src\main\AndroidManifest.xml:17:5-65:19
36        android:allowBackup="true"
36-->src\main\AndroidManifest.xml:18:9-35
37        android:appComponentFactory="androidx.core.app.CoreComponentFactory"
37-->[androidx.core:core:1.8.0] AndroidManifest.xml:24:18-86
38        android:dataExtractionRules="@xml/data_extraction_rules"
38-->src\main\AndroidManifest.xml:19:9-65
39        android:debuggable="true"
40        android:extractNativeLibs="false"
41        android:fullBackupContent="@xml/backup_rules"
41-->src\main\AndroidManifest.xml:20:9-54
42        android:icon="@mipmap/ic_launcher"
42-->src\main\AndroidManifest.xml:21:9-43
43        android:label="@string/app_name"
43-->src\main\AndroidManifest.xml:22:9-41
44        android:roundIcon="@mipmap/ic_launcher_round"
44-->src\main\AndroidManifest.xml:23:9-54
45        android:supportsRtl="true"
45-->src\main\AndroidManifest.xml:24:9-35
46        android:testOnly="true"
47        android:theme="@style/Theme.DriveU" >
47-->src\main\AndroidManifest.xml:25:9-44
48        <activity
48-->src\main\AndroidManifest.xml:27:9-29:40
49            android:name="com.world4tech.driveu.NewnewsActivity"
49-->src\main\AndroidManifest.xml:28:13-44
50            android:exported="false" />
50-->src\main\AndroidManifest.xml:29:13-37
51        <activity
51-->src\main\AndroidManifest.xml:31:9-33:40
52            android:name="com.world4tech.driveu.HelpActivity"
52-->src\main\AndroidManifest.xml:32:13-41
53            android:exported="false" />
53-->src\main\AndroidManifest.xml:33:13-37
54        <activity
54-->src\main\AndroidManifest.xml:34:9-36:40
55            android:name="com.world4tech.driveu.DetailActivity"
55-->src\main\AndroidManifest.xml:35:13-43
56            android:exported="false" />
56-->src\main\AndroidManifest.xml:36:13-37
57        <activity
57-->src\main\AndroidManifest.xml:37:9-39:40
58            android:name="com.world4tech.driveu.SosActivity"
58-->src\main\AndroidManifest.xml:38:13-40
59            android:exported="false" />
59-->src\main\AndroidManifest.xml:39:13-37
60        <activity
60-->src\main\AndroidManifest.xml:40:9-42:40
61            android:name="com.world4tech.driveu.ProfileActivity"
61-->src\main\AndroidManifest.xml:41:13-44
62            android:exported="false" />
62-->src\main\AndroidManifest.xml:42:13-37
63        <activity
63-->src\main\AndroidManifest.xml:43:9-45:40
64            android:name="com.world4tech.driveu.DestinationActivity"
64-->src\main\AndroidManifest.xml:44:13-48
65            android:exported="false" />
65-->src\main\AndroidManifest.xml:45:13-37
66        <activity
66-->src\main\AndroidManifest.xml:46:9-48:40
67            android:name="com.world4tech.driveu.UserdataActivity"
67-->src\main\AndroidManifest.xml:47:13-45
68            android:exported="false" />
68-->src\main\AndroidManifest.xml:48:13-37
69        <activity
69-->src\main\AndroidManifest.xml:49:9-57:20
70            android:name="com.world4tech.driveu.SplashActivity"
70-->src\main\AndroidManifest.xml:50:13-43
71            android:exported="true" >
71-->src\main\AndroidManifest.xml:51:13-36
72            <intent-filter>
72-->src\main\AndroidManifest.xml:52:13-56:29
73                <action android:name="android.intent.action.MAIN" />
73-->src\main\AndroidManifest.xml:53:17-69
73-->src\main\AndroidManifest.xml:53:25-66
74
75                <category android:name="android.intent.category.LAUNCHER" />
75-->src\main\AndroidManifest.xml:55:17-77
75-->src\main\AndroidManifest.xml:55:27-74
76            </intent-filter>
77        </activity>
78        <activity
78-->src\main\AndroidManifest.xml:58:9-60:40
79            android:name="com.world4tech.driveu.MapsActivity"
79-->src\main\AndroidManifest.xml:59:13-41
80            android:exported="false" />
80-->src\main\AndroidManifest.xml:60:13-37
81
82        <meta-data
82-->src\main\AndroidManifest.xml:62:9-64:71
83            android:name="com.google.android.geo.API_KEY"
83-->src\main\AndroidManifest.xml:63:13-58
84            android:value="AIzaSyCKPH_dYkt6H3tX2IG0PaxqhQxYxgMKJys" />
84-->src\main\AndroidManifest.xml:64:13-68
85
86        <activity
86-->[com.google.android.libraries.places:places:2.6.0] AndroidManifest.xml:14:9-20:20
87            android:name="com.google.android.libraries.places.widget.AutocompleteActivity"
87-->[com.google.android.libraries.places:places:2.6.0] AndroidManifest.xml:15:13-91
88            android:exported="false"
88-->[com.google.android.libraries.places:places:2.6.0] AndroidManifest.xml:16:13-37
89            android:label="@string/places_autocomplete_label"
89-->[com.google.android.libraries.places:places:2.6.0] AndroidManifest.xml:17:13-62
90            android:theme="@style/PlacesAutocompleteOverlay"
90-->[com.google.android.libraries.places:places:2.6.0] AndroidManifest.xml:18:13-61
91            android:windowSoftInputMode="adjustResize" >
91-->[com.google.android.libraries.places:places:2.6.0] AndroidManifest.xml:19:13-55
92        </activity> <!-- Needs to be explicitly declared on P+ -->
93        <uses-library
93-->[com.google.android.gms:play-services-maps:18.1.0] AndroidManifest.xml:39:9-41:40
94            android:name="org.apache.http.legacy"
94-->[com.google.android.gms:play-services-maps:18.1.0] AndroidManifest.xml:40:13-50
95            android:required="false" />
95-->[com.google.android.gms:play-services-maps:18.1.0] AndroidManifest.xml:41:13-37
96
97        <activity
97-->[com.google.android.gms:play-services-base:18.0.1] AndroidManifest.xml:20:9-22:45
98            android:name="com.google.android.gms.common.api.GoogleApiActivity"
98-->[com.google.android.gms:play-services-base:18.0.1] AndroidManifest.xml:20:19-85
99            android:exported="false"
99-->[com.google.android.gms:play-services-base:18.0.1] AndroidManifest.xml:22:19-43
100            android:theme="@android:style/Theme.Translucent.NoTitleBar" />
100-->[com.google.android.gms:play-services-base:18.0.1] AndroidManifest.xml:21:19-78
101
102        <meta-data
102-->[com.google.android.gms:play-services-basement:18.0.0] AndroidManifest.xml:21:9-23:69
103            android:name="com.google.android.gms.version"
103-->[com.google.android.gms:play-services-basement:18.0.0] AndroidManifest.xml:22:13-58
104            android:value="@integer/google_play_services_version" />
104-->[com.google.android.gms:play-services-basement:18.0.0] AndroidManifest.xml:23:13-66
105
106        <provider
106-->[com.squareup.picasso:picasso:2.71828] AndroidManifest.xml:8:9-11:40
107            android:name="com.squareup.picasso.PicassoProvider"
107-->[com.squareup.picasso:picasso:2.71828] AndroidManifest.xml:9:13-64
108            android:authorities="com.world4tech.driveu.com.squareup.picasso"
108-->[com.squareup.picasso:picasso:2.71828] AndroidManifest.xml:10:13-72
109            android:exported="false" />
109-->[com.squareup.picasso:picasso:2.71828] AndroidManifest.xml:11:13-37
110        <provider
110-->[androidx.emoji2:emoji2:1.2.0] AndroidManifest.xml:24:9-32:20
111            android:name="androidx.startup.InitializationProvider"
111-->[androidx.emoji2:emoji2:1.2.0] AndroidManifest.xml:25:13-67
112            android:authorities="com.world4tech.driveu.androidx-startup"
112-->[androidx.emoji2:emoji2:1.2.0] AndroidManifest.xml:26:13-68
113            android:exported="false" >
113-->[androidx.emoji2:emoji2:1.2.0] AndroidManifest.xml:27:13-37
114            <meta-data
114-->[androidx.emoji2:emoji2:1.2.0] AndroidManifest.xml:29:13-31:52
115                android:name="androidx.emoji2.text.EmojiCompatInitializer"
115-->[androidx.emoji2:emoji2:1.2.0] AndroidManifest.xml:30:17-75
116                android:value="androidx.startup" />
116-->[androidx.emoji2:emoji2:1.2.0] AndroidManifest.xml:31:17-49
117            <meta-data
117-->[androidx.lifecycle:lifecycle-process:2.4.1] AndroidManifest.xml:31:13-33:52
118                android:name="androidx.lifecycle.ProcessLifecycleInitializer"
118-->[androidx.lifecycle:lifecycle-process:2.4.1] AndroidManifest.xml:32:17-78
119                android:value="androidx.startup" />
119-->[androidx.lifecycle:lifecycle-process:2.4.1] AndroidManifest.xml:33:17-49
120        </provider>
121
122        <service
122-->[com.google.android.datatransport:transport-backend-cct:2.3.0] AndroidManifest.xml:29:9-35:19
123            android:name="com.google.android.datatransport.runtime.backends.TransportBackendDiscovery"
123-->[com.google.android.datatransport:transport-backend-cct:2.3.0] AndroidManifest.xml:30:13-103
124            android:exported="false" >
124-->[com.google.android.datatransport:transport-backend-cct:2.3.0] AndroidManifest.xml:31:13-37
125            <meta-data
125-->[com.google.android.datatransport:transport-backend-cct:2.3.0] AndroidManifest.xml:32:13-34:39
126                android:name="backend:com.google.android.datatransport.cct.CctBackendFactory"
126-->[com.google.android.datatransport:transport-backend-cct:2.3.0] AndroidManifest.xml:33:17-94
127                android:value="cct" />
127-->[com.google.android.datatransport:transport-backend-cct:2.3.0] AndroidManifest.xml:34:17-36
128        </service>
129        <service
129-->[com.google.android.datatransport:transport-runtime:2.2.3] AndroidManifest.xml:26:9-30:19
130            android:name="com.google.android.datatransport.runtime.scheduling.jobscheduling.JobInfoSchedulerService"
130-->[com.google.android.datatransport:transport-runtime:2.2.3] AndroidManifest.xml:27:13-117
131            android:exported="false"
131-->[com.google.android.datatransport:transport-runtime:2.2.3] AndroidManifest.xml:28:13-37
132            android:permission="android.permission.BIND_JOB_SERVICE" >
132-->[com.google.android.datatransport:transport-runtime:2.2.3] AndroidManifest.xml:29:13-69
133        </service>
134
135        <receiver
135-->[com.google.android.datatransport:transport-runtime:2.2.3] AndroidManifest.xml:32:9-34:40
136            android:name="com.google.android.datatransport.runtime.scheduling.jobscheduling.AlarmManagerSchedulerBroadcastReceiver"
136-->[com.google.android.datatransport:transport-runtime:2.2.3] AndroidManifest.xml:33:13-132
137            android:exported="false" />
137-->[com.google.android.datatransport:transport-runtime:2.2.3] AndroidManifest.xml:34:13-37
138
139        <service
139-->[androidx.room:room-runtime:2.4.3] AndroidManifest.xml:25:9-28:40
140            android:name="androidx.room.MultiInstanceInvalidationService"
140-->[androidx.room:room-runtime:2.4.3] AndroidManifest.xml:26:13-74
141            android:directBootAware="true"
141-->[androidx.room:room-runtime:2.4.3] AndroidManifest.xml:27:13-43
142            android:exported="false" />
142-->[androidx.room:room-runtime:2.4.3] AndroidManifest.xml:28:13-37
143    </application>
144
145</manifest>